<?xml version="1.0" encoding="UTF-8"?>
<!-- Generated by org.testng.reporters.JUnitReportReporter -->
<testsuite hostname="mobius" failures="0" tests="1" name="ECommerce_Selenium_Automation.magento.LoginPageTest" time="6.999" errors="0" timestamp="2025-02-03T10:28:32 IST" skipped="0">
  <testcase classname="ECommerce_Selenium_Automation.magento.LoginPageTest" name="LoginTest" time="6.999"/>
  <system-out/>
</testsuite> <!-- ECommerce_Selenium_Automation.magento.LoginPageTest -->
