<?xml version="1.0" encoding="UTF-8"?>
<!-- Generated by org.testng.reporters.JUnitReportReporter -->
<testsuite hostname="mobius" failures="0" tests="1" name="ECommerce_Selenium_Automation.magento.AddressTest" time="10.265" errors="0" timestamp="2025-02-03T09:45:20 IST" skipped="0">
  <testcase classname="ECommerce_Selenium_Automation.magento.AddressTest" name="addNewAddressTest" time="10.265"/>
  <system-out/>
</testsuite> <!-- ECommerce_Selenium_Automation.magento.AddressTest -->
