<?xml version="1.0" encoding="UTF-8"?>
<!-- Generated by org.testng.reporters.JUnitReportReporter -->
<testsuite hostname="mobius" failures="0" tests="1" name="ECommerce_Selenium_Automation.magento.CreateAccountPageTest" time="6.159" errors="0" timestamp="2025-02-03T15:07:18 IST" skipped="0">
  <testcase classname="ECommerce_Selenium_Automation.magento.CreateAccountPageTest" name="verifyCreateAccount" time="6.159"/>
  <system-out/>
</testsuite> <!-- ECommerce_Selenium_Automation.magento.CreateAccountPageTest -->
