<?xml version="1.0" encoding="UTF-8"?>
<!-- Generated by org.testng.reporters.JUnitReportReporter -->
<testsuite hostname="mobius" failures="0" tests="1" name="ECommerce_Selenium_Automation.magento.Pages.Utility" time="2.012" errors="0" timestamp="2025-02-01T19:30:22 IST" skipped="0">
  <testcase classname="ECommerce_Selenium_Automation.magento.Pages.Utility" name="sampleTest" time="2.012"/>
  <system-out/>
</testsuite> <!-- ECommerce_Selenium_Automation.magento.Pages.Utility -->
