<?xml version="1.0" encoding="UTF-8"?>
<!-- Generated by org.testng.reporters.JUnitReportReporter -->
<testsuite hostname="mobius" failures="0" tests="1" name="ECommerce_Selenium_Automation.magento.WhisListPageTest" time="18.666" errors="0" timestamp="2025-02-03T22:20:12 IST" skipped="0">
  <testcase classname="ECommerce_Selenium_Automation.magento.WhisListPageTest" name="verifyAddProductToWishlist" time="18.666"/>
  <system-out/>
</testsuite> <!-- ECommerce_Selenium_Automation.magento.WhisListPageTest -->
